0 info it worked if it ends with ok
1 verbose cli [ '/usr/local/bin/node', '/usr/local/bin/npm', 'publish' ]
2 info using npm@2.14.12
3 info using node@v4.2.4
4 verbose publish [ '.' ]
5 silly cache add args [ '.', null ]
6 verbose cache add spec .
7 silly cache add parsed spec Result {
7 silly cache add   raw: '.',
7 silly cache add   scope: null,
7 silly cache add   name: null,
7 silly cache add   rawSpec: '.',
7 silly cache add   spec: '/Users/james/Development/EasyUI',
7 silly cache add   type: 'directory' }
8 verbose addLocalDirectory /Users/james/.npm/easyui/3.2.6/package.tgz not in flight; packing
9 verbose tar pack [ '/Users/james/.npm/easyui/3.2.6/package.tgz',
9 verbose tar pack   '/Users/james/Development/EasyUI' ]
10 verbose tarball /Users/james/.npm/easyui/3.2.6/package.tgz
11 verbose folder /Users/james/Development/EasyUI
12 info prepublish easyui@3.2.6
13 verbose addLocalTarball adding from inside cache /Users/james/.npm/easyui/3.2.6/package.tgz
14 silly cache afterAdd easyui@3.2.6
15 verbose afterAdd /Users/james/.npm/easyui/3.2.6/package/package.json not in flight; writing
16 verbose afterAdd /Users/james/.npm/easyui/3.2.6/package/package.json written
17 silly publish { name: 'easyui',
17 silly publish   author: { name: 'James Smith' },
17 silly publish   version: '3.2.6',
17 silly publish   license: 'MIT',
17 silly publish   repository:
17 silly publish    { type: 'git',
17 silly publish      url: 'git+https://github.com/djalbat/EasyUI.git' },
17 silly publish   dependencies: { jquery: '^2.2.2', 'jquery-textrange': '^1.3.3' },
17 silly publish   devDependencies:
17 silly publish    { 'babel-preset-es2015': '^6.6.0',
17 silly publish      babelify: '^7.2.0',
17 silly publish      grunt: '^0.4.5',
17 silly publish      'grunt-browserify': '^4.0.1',
17 silly publish      'grunt-bumpup': '^0.6.3',
17 silly publish      'grunt-contrib-watch': '^0.6.1',
17 silly publish      'grunt-shell': '^1.2.1' },
17 silly publish   readme: '# EasyUI\n\nA V-framework.\n\nEasyUI is an MVC framework without the M and without the C. It\'s without a model, only abstracting away from the view, namely the document object model. There is some irony here. It\'s without a controller, or whatever. It will not help you with the architecture of your large application. It is about the leaves of an application, not its branches. \n\nIt leverages jQuery to provide a very basic set of classes for DOM elements such as buttons, links, etc. It covers up jQuery\'s idiosyncratic syntax and is more readable. It allows you to associate JavaScript classes directly with static HTML, you don\'t have to dynamically create DOM elements unless you want to. Few frameworks allow you to do this without fuss.\n\nIt\'s liberating to cast off the dogma that says that an application\'s view and model always have to be two sides of the exact same coin. And you won\'t have to wade through hundreds of lines of obscure source code when things slow down or start to go wrong. The nearest thing to EasyUI is ReactJS but EasyUI is an order of magnitude less complex. \n\n## Related projects\n\n- [EasyUI-Layout](https://github.com/djalbat/EasyUI-Layout) Layout components that work with CSS flexbox.\n- [EasyUI-Explorer](https://github.com/djalbat/EasyUI-Explorer) A file explorer with drag and drop functionality. \n- [Florence](https://github.com/jecs-imperial/Florence) A collaborative proof assistant that depends on all three EasyUI projects. \n \n## Installation\n\nIf you\'re running [Node.js](http://nodejs.org) you can install EasyUI with [npm](https://www.npmjs.com/):\n\n    npm install easyui\n\nClient-side you can take the `easyui.js` file in the `dist/` folder put it somewhere and reference it via the usual script element:\n \n```html\n<script src="scripts/lib/easyui.js"> </script>\n```\n\nThis will give you a global `easyui` variable which you use directly:\n  \n```js\nvar Button = easyui.Button;\n```\n \nIf you\'re using AMD require client-side or CommonJS server-side the syntax for requiring EasyUI is the same:\n\n```js\nvar easyui = require(\'lib/easyui\'),\n    Select = easyui.Select,\n    Checkbox = easyui.Checkbox;\n```\n\n## Documentation\n\nSee the `examples.html` file in the `docs/` folder for some examples.\n\n#### Working example\n\nHere an element corresponding to the `body` DOM element is constructed and an outer `div` element is appended to that. `Div` elements corresponding to two of the three inner `div`s are then constructed. Note there are no references. These can be recovered by iterating over the child elements of the outer `div`. Note also that there is no second inner `div`, since no corresponding `Div` element has been created for it.   \n\n```js\nvar body = new Body(),\n    outerDiv = Div.fromHTML(\'<div><div id="firstDiv"></div><div id="secondDiv"></div><div id="thirdDiv"></div></div>\');\n\nbody.append(outerDiv);\n\nnew Div(\'#firstDiv\');\nnew Div(\'#thirdDiv\');\n\nvar outDivChildElements = outerDiv.childElements();\n\noutDivChildElements.forEach(function(outDivChildElement) {\n  var outDivChildElementId = outDivChildElement.getAttribute(\'id\');\n\n  console.log(outDivChildElementId);    // firstDiv, thirdDiv\n});\n```\n\nEssentially you bind instances of EasyUI classes to DOM elements via jQuery, making use of jQuey\'s selector syntax. \n\nIn the [EasyUI-Explorer](https://github.com/djalbat/EasyUI-Explorer) project this approach is used to good effect. The explorer has no model as such, just a nested collection of elements bound to the DOM. One way to think of it is as a widget for viewing and manipulating file paths. The files themselves are part of the application\'s model but they are quite separate from the explorer, held in an array somewhere else in fact. \n\nThis is the EasyUI approach, not binding an application\'s model and view tightly unless it makes sense to do so. \n\n#### Creating elements \n\nYou can pass jQuery selectors to constructors:\n\n```js\nvar link = new Link(\'#link\', function(href) {\n  console.log(\'Link click with href \' + href);\n});\n```\n\nOr you can use HTML snippets with the `fromHTML()` factory method of any relevant class:\n\n```js\nvar checkboxFromHTML = Checkbox.fromHTML(\'<input type="checkbox"/>\');\n```\n\nIf constructors take change or click handlers you can pass these to `fromHTML()` methods.\n\n#### Cloning elements\n\nYou can call the `clone()` method of an element. If your element has an `id` attribute it\'s best to remove this from the cloned element:\n \n```js\nvar button = new Button(\'#button\'),\n    clonedButton = button.clone();\n     \nclonedButton.removeAttribute(\'id\');\n```\n\nYou can also use the `clone()` factory methods of the relevant classes and pass jQuery selectors. Again remove the `id` attribute from the cloned element if necessary:\n\n```js\nvar clonedButton = Button.clone(\'#button\');\n     \nclonedButton.removeAttribute(\'id\');\n```\n\nWhen you clone an existing element you will need to re-register any click or change handlers. You can pass these straight to the `clone()` methods if you like.\n\n#### Standard methods\n\nEach element has the following methods. These do nothing much apart from ape jQuery functionality:\n\n- `show`\n- `hide`\n- `enable`\n- `disable`\n- `getWidth`\n- `getHeight`\n- `setWidth`\n- `setHeight`\n- `getAttribute`\n- `addAttribute`\n- `removeAttribute`\n- `prependBefore`\n- `appendAfter`\n- `prepend`\n- `append`\n- `detach`\n- `remove`\n- `hasClass`\n- `addClass`\n- `removeClass`\n- `removeClasses`\n- `html`\n- `css`\n- `on`\n\nEach input element has the following additional methods:\n\n- `hasFocus`\n- `onFocus`\n- `onBlur`\n- `focus`\n\n#### Other shared methods\n\n- `getBounds`, returns an instance of the `Bounds` class with the `top`, `left`, `bottom` and `right` bounds of the element.\n- `onMouseXXX`, each apes jQuery functionality except that it calls the handler with `mouseTop`, `mouseLeft` and `mouseButton` rather than the event object. If you want the event object, use the `on()` method. The value of the `mouseButton` argument is either `Element.LEFT_MOUSE_BUTTON`, `Element.MIDDLE_MOUSE_BUTTON` or `Element.RIGHT_MOUSE_BUTTON`.\n- `childElements` returns an array containing all the immediate descendant elements, taking an optional selector\n- `findElements` returns an array containing all the descendant elements, taking an optional selector\n- `parentElement` returns the immediate ascendant element or null, taking an optional selector\n- `parentElements` returns an array containing all the ascendant elements, taking an optional selector\n\n- `sameAs` returns true if the argument and instance share the same DOM element.\n\n#### Other methods\n\nThe `Input` and `TextArea` classes both have the following methods:\n\n- `onChange` takes a handler which is invoked every time the value of the element changes by way of a keypress. Note that this is different from the jQuery functionality.\n- `getSelectionStart`\n- `getSelectionEnd`\n\nThe `TextArea` class has the following methods:\n \n- `onScroll` takes a handler which is invoked when the text area is scrolled\n- `getScrollTop` \n- `getScrollLeft` \n- `setScrollTop` \n- `setScrollLeft`\n \n The `Window`\n\nThe methods to add elements to the DOM are hopefully intuitive. Note the difference between the `append()` and `appendAfter()` methods. \n\n```js\nvar button = Button.fromHTML(\'<button/>\'),\n    select = Select.fromHTML(\'<select><option>a</option></select>\');\n    \nselect.appendAfter(button); // what you want\nselect.append(button); // probably not what you want\n```\n\nThe `appendAfter()` call above results in the following HTML:\n\n```html\n<select><option>a</option></select></button>\n```\n\nThe `append()` call above results in the following HTML and is probably not what you want in this instance:\n\n```html\n<select><option>a</option></button></select>\n```\n\nSimilarly for the `prepend()` and `prependBefore()` methods.\n\n#### Supported elements:\n\n- `window`\n- `Body`\n- `Div`\n- `Button`\n- `Checkbox`\n- `TextArea`\n- `Input`\n- `Link`\n- `Select`\n\nThe `Window` class is not exported, only the single `window` instance.\nObviously the list is incomplete. Use the `Element` class if there is no relevant class, submit a pull request or roll your own.\n\n#### Rolling your own elements\n\nThis is easily done. We take the `Checkbox` class as an example. Use the `clone()` factory method of the `Element` class to create your own element, passing it your class followed by all the arguments for its constructor:\n \n```js\nCheckbox.clone = function(selectorOr$Element, clickHandler) {\n  return Element.clone(Checkbox, selectorOr$Element, clickHandler);\n};\n```\n\nThe `fromHTML()` method is also boilerplate:\n\n```js\nCheckbox.fromHTML = function(html, clickHandler) {\n  return Element.fromHTML(Checkbox, html, clickHandler);\n};\n```\n\nWhen writing the constructor, the `Element\' constructor from within your own:\n\n```js\nvar Checkbox = function(selectorOr$Element, clickHandler) {\n  inherits(this, new Element(selectorOr$Element));\n\n  ...\n};\n```\n\nThe first argument should be `selectorOr$Element` which you don\'t have to worry about but should pass straight to the constructor of the `Element` class.\n\nYou can also create a `clone()` method by passing the private `$element` property to the `clone()` factory method. \n\n```js\nCheckbox.prototype = {\n  clone: function(clickHandler) { return Checkbox.clone(this.$element, clickHandler); },\n  \n  ...\n  \n  isChecked: function() {\n    return this.$element.is(\':checked\');\n  }\n};\n```\n\nNote that you can also use the `$element` property to ape jQuery functionality, as the `isChecked()` method shows.\n    \n## Contact\n\n- james.smith@djalbat.com\n- http://djalbat.com\n',
17 silly publish   readmeFilename: 'README.md',
17 silly publish   gitHead: '53ffc0fe3f581750c96e4ae61742f9d5edd5dd7e',
17 silly publish   description: 'A V-framework.',
17 silly publish   bugs: { url: 'https://github.com/djalbat/EasyUI/issues' },
17 silly publish   homepage: 'https://github.com/djalbat/EasyUI#readme',
17 silly publish   _id: 'easyui@3.2.6',
17 silly publish   scripts: {},
17 silly publish   _shasum: '2e2dca2f4783e2013ee0d8699bcb3bdc2ccd7fdc',
17 silly publish   _from: '.' }
18 verbose getPublishConfig undefined
19 silly mapToRegistry name easyui
20 silly mapToRegistry using default registry
21 silly mapToRegistry registry https://registry.npmjs.org/
22 silly mapToRegistry uri https://registry.npmjs.org/easyui
23 verbose publish registryBase https://registry.npmjs.org/
24 silly publish uploading /Users/james/.npm/easyui/3.2.6/package.tgz
25 verbose request uri https://registry.npmjs.org/easyui
26 verbose request sending authorization for write operation
27 info attempt registry request try #1 at 2:29:44 PM
28 verbose request using bearer token for auth
29 verbose request id 3a39e0431d463121
30 http request PUT https://registry.npmjs.org/easyui
31 http 403 https://registry.npmjs.org/easyui
32 verbose headers { 'content-type': 'application/json',
32 verbose headers   'cache-control': 'max-age=300',
32 verbose headers   'content-length': '95',
32 verbose headers   'accept-ranges': 'bytes',
32 verbose headers   date: 'Mon, 04 Apr 2016 13:29:46 GMT',
32 verbose headers   via: '1.1 varnish',
32 verbose headers   connection: 'keep-alive',
32 verbose headers   'x-served-by': 'cache-fra1237-FRA',
32 verbose headers   'x-cache': 'MISS',
32 verbose headers   'x-cache-hits': '0',
32 verbose headers   'x-timer': 'S1459776584.748764,VS0,VE2082' }
33 verbose request invalidating /Users/james/.npm/registry.npmjs.org/easyui on PUT
34 error publish Failed PUT 403
35 verbose stack Error: "You cannot publish over the previously published version 3.2.6." : easyui
35 verbose stack     at makeError (/usr/local/lib/node_modules/npm/node_modules/npm-registry-client/lib/request.js:264:12)
35 verbose stack     at CachingRegistryClient.<anonymous> (/usr/local/lib/node_modules/npm/node_modules/npm-registry-client/lib/request.js:252:14)
35 verbose stack     at Request._callback (/usr/local/lib/node_modules/npm/node_modules/npm-registry-client/lib/request.js:172:14)
35 verbose stack     at Request.self.callback (/usr/local/lib/node_modules/npm/node_modules/request/request.js:198:22)
35 verbose stack     at emitTwo (events.js:87:13)
35 verbose stack     at Request.emit (events.js:172:7)
35 verbose stack     at Request.<anonymous> (/usr/local/lib/node_modules/npm/node_modules/request/request.js:1082:10)
35 verbose stack     at emitOne (events.js:82:20)
35 verbose stack     at Request.emit (events.js:169:7)
35 verbose stack     at IncomingMessage.<anonymous> (/usr/local/lib/node_modules/npm/node_modules/request/request.js:1009:12)
36 verbose statusCode 403
37 verbose pkgid easyui
38 verbose cwd /Users/james/Development/EasyUI
39 error Darwin 15.0.0
40 error argv "/usr/local/bin/node" "/usr/local/bin/npm" "publish"
41 error node v4.2.4
42 error npm  v2.14.12
43 error code E403
44 error "You cannot publish over the previously published version 3.2.6." : easyui
45 error If you need help, you may report this error at:
45 error     <https://github.com/npm/npm/issues>
46 verbose exit [ 1, true ]
